
*** Running vivado
    with args -log Wrapper.vds -m64 -product Vivado -mode batch -messageDb vivado.pb -notrace -source Wrapper.tcl



****** Vivado v2021.1 (64-bit)
  **** SW Build 3247384 on Thu Jun 10 19:36:33 MDT 2021
  **** IP Build 3246043 on Fri Jun 11 00:30:35 MDT 2021
    ** Copyright 1986-2021 Xilinx, Inc. All Rights Reserved.

source Wrapper.tcl -notrace
Command: synth_design -top Wrapper -part xc7a100tcsg324-1
Starting synth_design
Attempting to get a license for feature 'Synthesis' and/or device 'xc7a100t'
INFO: [Common 17-349] Got license for feature 'Synthesis' and/or device 'xc7a100t'
INFO: [Device 21-403] Loading part xc7a100tcsg324-1
INFO: [Synth 8-7079] Multithreading enabled for synth_design using a maximum of 2 processes.
INFO: [Synth 8-7078] Launching helper process for spawning children vivado processes
INFO: [Synth 8-7075] Helper process launched with PID 16340
CRITICAL WARNING: [Synth 8-2490] overwriting previous definition of module Wrapper [C:/Users/rm519/Documents/working_cpu/working_cpu.srcs/sources_1/imports/Vivado Timing files/Wrapper_timing.v:27]
WARNING: [Synth 8-6901] identifier 'IDLE' is used before its declaration [C:/Users/rm519/Documents/working_cpu/working_cpu.srcs/sources_1/imports/rm519/ECE350-final-project/official_serial/official_serial.srcs/sources_1/imports/Downloads/button_send.v:20]
WARNING: [Synth 8-6901] identifier 'is_r_type' is used before its declaration [C:/Users/rm519/Documents/working_cpu/working_cpu.srcs/sources_1/imports/proc/processor.v:70]
WARNING: [Synth 8-6901] identifier 'is_addi' is used before its declaration [C:/Users/rm519/Documents/working_cpu/working_cpu.srcs/sources_1/imports/proc/processor.v:70]
WARNING: [Synth 8-6901] identifier 'is_bne' is used before its declaration [C:/Users/rm519/Documents/working_cpu/working_cpu.srcs/sources_1/imports/proc/processor.v:70]
WARNING: [Synth 8-6901] identifier 'is_blt' is used before its declaration [C:/Users/rm519/Documents/working_cpu/working_cpu.srcs/sources_1/imports/proc/processor.v:70]
WARNING: [Synth 8-6901] identifier 'is_lw' is used before its declaration [C:/Users/rm519/Documents/working_cpu/working_cpu.srcs/sources_1/imports/proc/processor.v:70]
WARNING: [Synth 8-6901] identifier 'is_sw' is used before its declaration [C:/Users/rm519/Documents/working_cpu/working_cpu.srcs/sources_1/imports/proc/processor.v:70]
WARNING: [Synth 8-6901] identifier 'is_jr' is used before its declaration [C:/Users/rm519/Documents/working_cpu/working_cpu.srcs/sources_1/imports/proc/processor.v:70]
WARNING: [Synth 8-6901] identifier 'is_r_type' is used before its declaration [C:/Users/rm519/Documents/working_cpu/working_cpu.srcs/sources_1/imports/proc/processor.v:71]
WARNING: [Synth 8-6901] identifier 'is_bne' is used before its declaration [C:/Users/rm519/Documents/working_cpu/working_cpu.srcs/sources_1/imports/proc/processor.v:71]
WARNING: [Synth 8-6901] identifier 'is_blt' is used before its declaration [C:/Users/rm519/Documents/working_cpu/working_cpu.srcs/sources_1/imports/proc/processor.v:71]
WARNING: [Synth 8-6901] identifier 'is_sw' is used before its declaration [C:/Users/rm519/Documents/working_cpu/working_cpu.srcs/sources_1/imports/proc/processor.v:71]
WARNING: [Synth 8-6901] identifier 'fd_valid' is used before its declaration [C:/Users/rm519/Documents/working_cpu/working_cpu.srcs/sources_1/imports/proc/processor.v:131]
WARNING: [Synth 8-6901] identifier 'dx_is_bne' is used before its declaration [C:/Users/rm519/Documents/working_cpu/working_cpu.srcs/sources_1/imports/proc/processor.v:134]
WARNING: [Synth 8-6901] identifier 'dx_is_blt' is used before its declaration [C:/Users/rm519/Documents/working_cpu/working_cpu.srcs/sources_1/imports/proc/processor.v:134]
WARNING: [Synth 8-6901] identifier 'dx_is_bex' is used before its declaration [C:/Users/rm519/Documents/working_cpu/working_cpu.srcs/sources_1/imports/proc/processor.v:134]
WARNING: [Synth 8-6901] identifier 'md_rdy' is used before its declaration [C:/Users/rm519/Documents/working_cpu/working_cpu.srcs/sources_1/imports/proc/processor.v:208]
WARNING: [Synth 8-6901] identifier 'md_result' is used before its declaration [C:/Users/rm519/Documents/working_cpu/working_cpu.srcs/sources_1/imports/proc/processor.v:209]
WARNING: [Synth 8-6901] identifier 'alu_result' is used before its declaration [C:/Users/rm519/Documents/working_cpu/working_cpu.srcs/sources_1/imports/proc/processor.v:209]
WARNING: [Synth 8-6901] identifier 'xm_is_r_type' is used before its declaration [C:/Users/rm519/Documents/working_cpu/working_cpu.srcs/sources_1/imports/proc/processor.v:221]
WARNING: [Synth 8-6901] identifier 'xm_is_lw' is used before its declaration [C:/Users/rm519/Documents/working_cpu/working_cpu.srcs/sources_1/imports/proc/processor.v:221]
WARNING: [Synth 8-6901] identifier 'xm_is_addi' is used before its declaration [C:/Users/rm519/Documents/working_cpu/working_cpu.srcs/sources_1/imports/proc/processor.v:221]
WARNING: [Synth 8-6901] identifier 'xm_is_mult' is used before its declaration [C:/Users/rm519/Documents/working_cpu/working_cpu.srcs/sources_1/imports/proc/processor.v:221]
WARNING: [Synth 8-6901] identifier 'xm_is_div' is used before its declaration [C:/Users/rm519/Documents/working_cpu/working_cpu.srcs/sources_1/imports/proc/processor.v:221]
WARNING: [Synth 8-6901] identifier 'xm_rd' is used before its declaration [C:/Users/rm519/Documents/working_cpu/working_cpu.srcs/sources_1/imports/proc/processor.v:221]
WARNING: [Synth 8-6901] identifier 'mw_is_r_type' is used before its declaration [C:/Users/rm519/Documents/working_cpu/working_cpu.srcs/sources_1/imports/proc/processor.v:222]
WARNING: [Synth 8-6901] identifier 'mw_is_lw' is used before its declaration [C:/Users/rm519/Documents/working_cpu/working_cpu.srcs/sources_1/imports/proc/processor.v:222]
WARNING: [Synth 8-6901] identifier 'mw_is_addi' is used before its declaration [C:/Users/rm519/Documents/working_cpu/working_cpu.srcs/sources_1/imports/proc/processor.v:222]
WARNING: [Synth 8-6901] identifier 'mw_is_mult' is used before its declaration [C:/Users/rm519/Documents/working_cpu/working_cpu.srcs/sources_1/imports/proc/processor.v:222]
WARNING: [Synth 8-6901] identifier 'mw_is_div' is used before its declaration [C:/Users/rm519/Documents/working_cpu/working_cpu.srcs/sources_1/imports/proc/processor.v:222]
WARNING: [Synth 8-6901] identifier 'mw_rd' is used before its declaration [C:/Users/rm519/Documents/working_cpu/working_cpu.srcs/sources_1/imports/proc/processor.v:222]
WARNING: [Synth 8-6901] identifier 'xm_rd' is used before its declaration [C:/Users/rm519/Documents/working_cpu/working_cpu.srcs/sources_1/imports/proc/processor.v:225]
WARNING: [Synth 8-6901] identifier 'xm_alu_result' is used before its declaration [C:/Users/rm519/Documents/working_cpu/working_cpu.srcs/sources_1/imports/proc/processor.v:225]
WARNING: [Synth 8-6901] identifier 'mw_rd' is used before its declaration [C:/Users/rm519/Documents/working_cpu/working_cpu.srcs/sources_1/imports/proc/processor.v:225]
WARNING: [Synth 8-6901] identifier 'mw_valid' is used before its declaration [C:/Users/rm519/Documents/working_cpu/working_cpu.srcs/sources_1/imports/proc/processor.v:225]
WARNING: [Synth 8-6901] identifier 'mw_write_data' is used before its declaration [C:/Users/rm519/Documents/working_cpu/working_cpu.srcs/sources_1/imports/proc/processor.v:225]
WARNING: [Synth 8-6901] identifier 'xm_rd' is used before its declaration [C:/Users/rm519/Documents/working_cpu/working_cpu.srcs/sources_1/imports/proc/processor.v:228]
WARNING: [Synth 8-6901] identifier 'xm_alu_result' is used before its declaration [C:/Users/rm519/Documents/working_cpu/working_cpu.srcs/sources_1/imports/proc/processor.v:228]
WARNING: [Synth 8-6901] identifier 'mw_rd' is used before its declaration [C:/Users/rm519/Documents/working_cpu/working_cpu.srcs/sources_1/imports/proc/processor.v:228]
WARNING: [Synth 8-6901] identifier 'mw_valid' is used before its declaration [C:/Users/rm519/Documents/working_cpu/working_cpu.srcs/sources_1/imports/proc/processor.v:228]
WARNING: [Synth 8-6901] identifier 'mw_write_data' is used before its declaration [C:/Users/rm519/Documents/working_cpu/working_cpu.srcs/sources_1/imports/proc/processor.v:228]
WARNING: [Synth 8-6901] identifier 'xm_is_lw' is used before its declaration [C:/Users/rm519/Documents/working_cpu/working_cpu.srcs/sources_1/imports/proc/processor.v:232]
WARNING: [Synth 8-6901] identifier 'xm_alu_result' is used before its declaration [C:/Users/rm519/Documents/working_cpu/working_cpu.srcs/sources_1/imports/proc/processor.v:232]
WARNING: [Synth 8-6901] identifier 'xm_rd' is used before its declaration [C:/Users/rm519/Documents/working_cpu/working_cpu.srcs/sources_1/imports/proc/processor.v:233]
WARNING: [Synth 8-6901] identifier 'mw_rd' is used before its declaration [C:/Users/rm519/Documents/working_cpu/working_cpu.srcs/sources_1/imports/proc/processor.v:234]
WARNING: [Synth 8-6901] identifier 'mw_valid' is used before its declaration [C:/Users/rm519/Documents/working_cpu/working_cpu.srcs/sources_1/imports/proc/processor.v:234]
WARNING: [Synth 8-6901] identifier 'mw_write_data' is used before its declaration [C:/Users/rm519/Documents/working_cpu/working_cpu.srcs/sources_1/imports/proc/processor.v:234]
WARNING: [Synth 8-6901] identifier 'xm_valid' is used before its declaration [C:/Users/rm519/Documents/working_cpu/working_cpu.srcs/sources_1/imports/proc/processor.v:238]
WARNING: [Synth 8-6901] identifier 'xm_is_lw' is used before its declaration [C:/Users/rm519/Documents/working_cpu/working_cpu.srcs/sources_1/imports/proc/processor.v:238]
WARNING: [Synth 8-6901] identifier 'xm_is_mult' is used before its declaration [C:/Users/rm519/Documents/working_cpu/working_cpu.srcs/sources_1/imports/proc/processor.v:238]
WARNING: [Synth 8-6901] identifier 'xm_is_div' is used before its declaration [C:/Users/rm519/Documents/working_cpu/working_cpu.srcs/sources_1/imports/proc/processor.v:238]
WARNING: [Synth 8-6901] identifier 'xm_rd' is used before its declaration [C:/Users/rm519/Documents/working_cpu/working_cpu.srcs/sources_1/imports/proc/processor.v:238]
WARNING: [Synth 8-6901] identifier 'md_rdy' is used before its declaration [C:/Users/rm519/Documents/working_cpu/working_cpu.srcs/sources_1/imports/proc/processor.v:242]
WARNING: [Synth 8-6901] identifier 'm_busy' is used before its declaration [C:/Users/rm519/Documents/working_cpu/working_cpu.srcs/sources_1/imports/proc/processor.v:259]
WARNING: [Synth 8-6901] identifier 'd_busy' is used before its declaration [C:/Users/rm519/Documents/working_cpu/working_cpu.srcs/sources_1/imports/proc/processor.v:260]
WARNING: [Synth 8-6901] identifier 'IDLE' is used before its declaration [C:/Users/rm519/Documents/working_cpu/working_cpu.srcs/sources_1/imports/rm519/ECE350-final-project/serialSendTest/serialSendTest.srcs/sources_1/imports/Downloads/uart_transmit.v:18]
WARNING: [Synth 8-6901] identifier 'IDLE' is used before its declaration [C:/Users/rm519/Documents/working_cpu/working_cpu.srcs/sources_1/imports/rm519/ECE350-final-project/serialSendTest/serialSendTest.srcs/sources_1/imports/Downloads/uart_transmit.v:24]
WARNING: [Synth 8-6901] identifier 'g_busy' is used before its declaration [C:/Users/rm519/Documents/working_cpu/working_cpu.srcs/sources_1/imports/rm519/Downloads/sending_tx2.v:17]
WARNING: [Synth 8-6901] identifier 'uart_tx_busy' is used before its declaration [C:/Users/rm519/Documents/working_cpu/working_cpu.srcs/sources_1/imports/rm519/Downloads/sending_tx2.v:17]
WARNING: [Synth 8-6901] identifier 'START' is used before its declaration [C:/Users/rm519/Documents/working_cpu/working_cpu.srcs/sources_1/imports/rm519/Downloads/gcode_sender4.v:16]
---------------------------------------------------------------------------------
Starting RTL Elaboration : Time (s): cpu = 00:00:02 ; elapsed = 00:00:03 . Memory (MB): peak = 1329.188 ; gain = 0.000
---------------------------------------------------------------------------------
INFO: [Synth 8-6157] synthesizing module 'Wrapper' [C:/Users/rm519/Documents/working_cpu/working_cpu.srcs/sources_1/imports/Vivado Timing files/Wrapper_timing.v:27]
INFO: [Synth 8-6157] synthesizing module 'clk_wiz_1' [C:/Users/rm519/Documents/working_cpu/working_cpu.runs/synth_1/.Xil/Vivado-12336-P2-04/realtime/clk_wiz_1_stub.v:5]
INFO: [Synth 8-6155] done synthesizing module 'clk_wiz_1' (1#1) [C:/Users/rm519/Documents/working_cpu/working_cpu.runs/synth_1/.Xil/Vivado-12336-P2-04/realtime/clk_wiz_1_stub.v:5]
INFO: [Synth 8-6157] synthesizing module 'processor' [C:/Users/rm519/Documents/working_cpu/working_cpu.srcs/sources_1/imports/proc/processor.v:20]
INFO: [Synth 8-6157] synthesizing module 'alu' [C:/Users/rm519/Documents/working_cpu/working_cpu.srcs/sources_1/imports/proc/alu.v:1]
INFO: [Synth 8-6157] synthesizing module 'decode_6ops' [C:/Users/rm519/Documents/working_cpu/working_cpu.srcs/sources_1/imports/proc/decode_6ops.v:1]
INFO: [Synth 8-6155] done synthesizing module 'decode_6ops' (2#1) [C:/Users/rm519/Documents/working_cpu/working_cpu.srcs/sources_1/imports/proc/decode_6ops.v:1]
INFO: [Synth 8-6157] synthesizing module 'and32' [C:/Users/rm519/Documents/working_cpu/working_cpu.srcs/sources_1/imports/proc/and32.v:1]
INFO: [Synth 8-6155] done synthesizing module 'and32' (3#1) [C:/Users/rm519/Documents/working_cpu/working_cpu.srcs/sources_1/imports/proc/and32.v:1]
INFO: [Synth 8-6157] synthesizing module 'or32' [C:/Users/rm519/Documents/working_cpu/working_cpu.srcs/sources_1/imports/proc/or32.v:1]
INFO: [Synth 8-6155] done synthesizing module 'or32' (4#1) [C:/Users/rm519/Documents/working_cpu/working_cpu.srcs/sources_1/imports/proc/or32.v:1]
INFO: [Synth 8-6157] synthesizing module 'sll' [C:/Users/rm519/Documents/working_cpu/working_cpu.srcs/sources_1/imports/proc/sll.v:1]
INFO: [Synth 8-6157] synthesizing module 'mux_2' [C:/Users/rm519/Documents/working_cpu/working_cpu.srcs/sources_1/imports/proc/mux_2.v:1]
	Parameter WIDTH bound to: 32 - type: integer 
INFO: [Synth 8-6155] done synthesizing module 'mux_2' (5#1) [C:/Users/rm519/Documents/working_cpu/working_cpu.srcs/sources_1/imports/proc/mux_2.v:1]
INFO: [Synth 8-6155] done synthesizing module 'sll' (6#1) [C:/Users/rm519/Documents/working_cpu/working_cpu.srcs/sources_1/imports/proc/sll.v:1]
INFO: [Synth 8-6157] synthesizing module 'sra' [C:/Users/rm519/Documents/working_cpu/working_cpu.srcs/sources_1/imports/proc/sra.v:1]
INFO: [Synth 8-6157] synthesizing module 'mux_2__parameterized0' [C:/Users/rm519/Documents/working_cpu/working_cpu.srcs/sources_1/imports/proc/mux_2.v:1]
INFO: [Synth 8-6155] done synthesizing module 'mux_2__parameterized0' (6#1) [C:/Users/rm519/Documents/working_cpu/working_cpu.srcs/sources_1/imports/proc/mux_2.v:1]
INFO: [Synth 8-6155] done synthesizing module 'sra' (7#1) [C:/Users/rm519/Documents/working_cpu/working_cpu.srcs/sources_1/imports/proc/sra.v:1]
INFO: [Synth 8-6157] synthesizing module 'cla_32' [C:/Users/rm519/Documents/working_cpu/working_cpu.srcs/sources_1/imports/proc/cla_32.v:1]
INFO: [Synth 8-6157] synthesizing module 'cla_4' [C:/Users/rm519/Documents/working_cpu/working_cpu.srcs/sources_1/imports/proc/cla_4.v:1]
INFO: [Synth 8-6155] done synthesizing module 'cla_4' (8#1) [C:/Users/rm519/Documents/working_cpu/working_cpu.srcs/sources_1/imports/proc/cla_4.v:1]
INFO: [Synth 8-6155] done synthesizing module 'cla_32' (9#1) [C:/Users/rm519/Documents/working_cpu/working_cpu.srcs/sources_1/imports/proc/cla_32.v:1]
INFO: [Synth 8-6157] synthesizing module 'not32' [C:/Users/rm519/Documents/working_cpu/working_cpu.srcs/sources_1/imports/proc/not32.v:1]
INFO: [Synth 8-6155] done synthesizing module 'not32' (10#1) [C:/Users/rm519/Documents/working_cpu/working_cpu.srcs/sources_1/imports/proc/not32.v:1]
INFO: [Synth 8-6155] done synthesizing module 'alu' (11#1) [C:/Users/rm519/Documents/working_cpu/working_cpu.srcs/sources_1/imports/proc/alu.v:1]
INFO: [Synth 8-6157] synthesizing module 'dffe_ref' [C:/Users/rm519/Documents/working_cpu/working_cpu.srcs/sources_1/imports/proc/dffe_ref.v:1]
INFO: [Synth 8-6155] done synthesizing module 'dffe_ref' (12#1) [C:/Users/rm519/Documents/working_cpu/working_cpu.srcs/sources_1/imports/proc/dffe_ref.v:1]
INFO: [Synth 8-6157] synthesizing module 'multdiv' [C:/Users/rm519/Documents/working_cpu/working_cpu.srcs/sources_1/imports/proc/multdiv.v:1]
INFO: [Synth 8-6157] synthesizing module 'reg1' [C:/Users/rm519/Documents/working_cpu/working_cpu.srcs/sources_1/imports/proc/reg1.v:1]
	Parameter WIDTH bound to: 32 - type: integer 
INFO: [Synth 8-6155] done synthesizing module 'reg1' (13#1) [C:/Users/rm519/Documents/working_cpu/working_cpu.srcs/sources_1/imports/proc/reg1.v:1]
INFO: [Synth 8-6157] synthesizing module 'count_16' [C:/Users/rm519/Documents/working_cpu/working_cpu.srcs/sources_1/imports/proc/count_16.v:1]
INFO: [Synth 8-6155] done synthesizing module 'count_16' (14#1) [C:/Users/rm519/Documents/working_cpu/working_cpu.srcs/sources_1/imports/proc/count_16.v:1]
INFO: [Synth 8-6157] synthesizing module 'mux_8' [C:/Users/rm519/Documents/working_cpu/working_cpu.srcs/sources_1/imports/proc/mux_8.v:1]
	Parameter WIDTH bound to: 33 - type: integer 
INFO: [Synth 8-6157] synthesizing module 'mux_4' [C:/Users/rm519/Documents/working_cpu/working_cpu.srcs/sources_1/imports/proc/mux_4.v:1]
	Parameter WIDTH bound to: 33 - type: integer 
INFO: [Synth 8-6157] synthesizing module 'mux_2__parameterized1' [C:/Users/rm519/Documents/working_cpu/working_cpu.srcs/sources_1/imports/proc/mux_2.v:1]
	Parameter WIDTH bound to: 33 - type: integer 
INFO: [Synth 8-6155] done synthesizing module 'mux_2__parameterized1' (14#1) [C:/Users/rm519/Documents/working_cpu/working_cpu.srcs/sources_1/imports/proc/mux_2.v:1]
INFO: [Synth 8-6155] done synthesizing module 'mux_4' (15#1) [C:/Users/rm519/Documents/working_cpu/working_cpu.srcs/sources_1/imports/proc/mux_4.v:1]
INFO: [Synth 8-6155] done synthesizing module 'mux_8' (16#1) [C:/Users/rm519/Documents/working_cpu/working_cpu.srcs/sources_1/imports/proc/mux_8.v:1]
INFO: [Synth 8-6157] synthesizing module 'carry_adder' [C:/Users/rm519/Documents/working_cpu/working_cpu.srcs/sources_1/imports/proc/carry_adder.v:1]
INFO: [Synth 8-6155] done synthesizing module 'carry_adder' (17#1) [C:/Users/rm519/Documents/working_cpu/working_cpu.srcs/sources_1/imports/proc/carry_adder.v:1]
INFO: [Synth 8-6157] synthesizing module 'register' [C:/Users/rm519/Documents/working_cpu/working_cpu.srcs/sources_1/imports/proc/register.v:2]
	Parameter WIDTH bound to: 66 - type: integer 
INFO: [Synth 8-6155] done synthesizing module 'register' (18#1) [C:/Users/rm519/Documents/working_cpu/working_cpu.srcs/sources_1/imports/proc/register.v:2]
INFO: [Synth 8-6157] synthesizing module 'count_32' [C:/Users/rm519/Documents/working_cpu/working_cpu.srcs/sources_1/imports/proc/count_32.v:1]
INFO: [Synth 8-6155] done synthesizing module 'count_32' (19#1) [C:/Users/rm519/Documents/working_cpu/working_cpu.srcs/sources_1/imports/proc/count_32.v:1]
INFO: [Synth 8-6157] synthesizing module 'register__parameterized0' [C:/Users/rm519/Documents/working_cpu/working_cpu.srcs/sources_1/imports/proc/register.v:2]
	Parameter WIDTH bound to: 64 - type: integer 
INFO: [Synth 8-6155] done synthesizing module 'register__parameterized0' (19#1) [C:/Users/rm519/Documents/working_cpu/working_cpu.srcs/sources_1/imports/proc/register.v:2]
INFO: [Synth 8-6155] done synthesizing module 'multdiv' (20#1) [C:/Users/rm519/Documents/working_cpu/working_cpu.srcs/sources_1/imports/proc/multdiv.v:1]
INFO: [Synth 8-6155] done synthesizing module 'processor' (21#1) [C:/Users/rm519/Documents/working_cpu/working_cpu.srcs/sources_1/imports/proc/processor.v:20]
INFO: [Synth 8-6157] synthesizing module 'ROM' [C:/Users/rm519/Documents/working_cpu/working_cpu.srcs/sources_1/imports/proc/ROM.v:2]
	Parameter MEMFILE bound to: 104'b01101101011001010110110101110100011011110110011101100011001100010011001000101110011011010110010101101101 
INFO: [Synth 8-3876] $readmem data file 'memtogc12.mem' is read successfully [C:/Users/rm519/Documents/working_cpu/working_cpu.srcs/sources_1/imports/proc/ROM.v:11]
INFO: [Synth 8-6155] done synthesizing module 'ROM' (22#1) [C:/Users/rm519/Documents/working_cpu/working_cpu.srcs/sources_1/imports/proc/ROM.v:2]
INFO: [Synth 8-6157] synthesizing module 'regfile' [C:/Users/rm519/Documents/working_cpu/working_cpu.srcs/sources_1/imports/proc/regfile.v:1]
INFO: [Synth 8-6157] synthesizing module 'decoder5to32' [C:/Users/rm519/Documents/working_cpu/working_cpu.srcs/sources_1/imports/proc/decoder5to32.v:1]
INFO: [Synth 8-6155] done synthesizing module 'decoder5to32' (23#1) [C:/Users/rm519/Documents/working_cpu/working_cpu.srcs/sources_1/imports/proc/decoder5to32.v:1]
INFO: [Synth 8-6157] synthesizing module 'reg1__parameterized0' [C:/Users/rm519/Documents/working_cpu/working_cpu.srcs/sources_1/imports/proc/reg1.v:1]
INFO: [Synth 8-6155] done synthesizing module 'reg1__parameterized0' (23#1) [C:/Users/rm519/Documents/working_cpu/working_cpu.srcs/sources_1/imports/proc/reg1.v:1]
INFO: [Synth 8-6155] done synthesizing module 'regfile' (24#1) [C:/Users/rm519/Documents/working_cpu/working_cpu.srcs/sources_1/imports/proc/regfile.v:1]
INFO: [Synth 8-6157] synthesizing module 'RAM' [C:/Users/rm519/Documents/working_cpu/working_cpu.srcs/sources_1/imports/proc/RAM.v:2]
	Parameter MEMFILE bound to: 64'b0110011101110010011001010111100100101110011011010110010101101101 
INFO: [Synth 8-3876] $readmem data file 'grey.mem' is read successfully [C:/Users/rm519/Documents/working_cpu/working_cpu.srcs/sources_1/imports/proc/RAM.v:23]
INFO: [Synth 8-6155] done synthesizing module 'RAM' (25#1) [C:/Users/rm519/Documents/working_cpu/working_cpu.srcs/sources_1/imports/proc/RAM.v:2]
INFO: [Synth 8-6157] synthesizing module 'sending_tx' [C:/Users/rm519/Documents/working_cpu/working_cpu.srcs/sources_1/imports/rm519/Downloads/sending_tx2.v:1]
INFO: [Synth 8-6157] synthesizing module 'button_send' [C:/Users/rm519/Documents/working_cpu/working_cpu.srcs/sources_1/imports/rm519/ECE350-final-project/official_serial/official_serial.srcs/sources_1/imports/Downloads/button_send.v:1]
INFO: [Synth 8-6155] done synthesizing module 'button_send' (26#1) [C:/Users/rm519/Documents/working_cpu/working_cpu.srcs/sources_1/imports/rm519/ECE350-final-project/official_serial/official_serial.srcs/sources_1/imports/Downloads/button_send.v:1]
INFO: [Synth 8-6157] synthesizing module 'uart_transmit' [C:/Users/rm519/Documents/working_cpu/working_cpu.srcs/sources_1/imports/rm519/ECE350-final-project/serialSendTest/serialSendTest.srcs/sources_1/imports/Downloads/uart_transmit.v:1]
INFO: [Synth 8-6155] done synthesizing module 'uart_transmit' (27#1) [C:/Users/rm519/Documents/working_cpu/working_cpu.srcs/sources_1/imports/rm519/ECE350-final-project/serialSendTest/serialSendTest.srcs/sources_1/imports/Downloads/uart_transmit.v:1]
INFO: [Synth 8-6157] synthesizing module 'gcode_sender' [C:/Users/rm519/Documents/working_cpu/working_cpu.srcs/sources_1/imports/rm519/Downloads/gcode_sender4.v:1]
INFO: [Synth 8-6157] synthesizing module 'float_to_ascii' [C:/Users/rm519/Documents/working_cpu/working_cpu.srcs/sources_1/imports/rm519/ECE350-final-project/official_serial/official_serial.srcs/sources_1/imports/Downloads/float_to_ascii.v:1]
INFO: [Synth 8-6155] done synthesizing module 'float_to_ascii' (28#1) [C:/Users/rm519/Documents/working_cpu/working_cpu.srcs/sources_1/imports/rm519/ECE350-final-project/official_serial/official_serial.srcs/sources_1/imports/Downloads/float_to_ascii.v:1]
INFO: [Synth 8-155] case statement is not full and has no default [C:/Users/rm519/Documents/working_cpu/working_cpu.srcs/sources_1/imports/rm519/Downloads/gcode_sender4.v:143]
INFO: [Synth 8-6155] done synthesizing module 'gcode_sender' (29#1) [C:/Users/rm519/Documents/working_cpu/working_cpu.srcs/sources_1/imports/rm519/Downloads/gcode_sender4.v:1]
INFO: [Synth 8-6155] done synthesizing module 'sending_tx' (30#1) [C:/Users/rm519/Documents/working_cpu/working_cpu.srcs/sources_1/imports/rm519/Downloads/sending_tx2.v:1]
WARNING: [Synth 8-689] width (32) of port connection 'intensity' does not match port width (2) of module 'sending_tx' [C:/Users/rm519/Documents/working_cpu/working_cpu.srcs/sources_1/imports/Vivado Timing files/Wrapper_timing.v:154]
INFO: [Synth 8-6155] done synthesizing module 'Wrapper' (31#1) [C:/Users/rm519/Documents/working_cpu/working_cpu.srcs/sources_1/imports/Vivado Timing files/Wrapper_timing.v:27]
---------------------------------------------------------------------------------
Finished RTL Elaboration : Time (s): cpu = 00:00:04 ; elapsed = 00:00:04 . Memory (MB): peak = 1329.188 ; gain = 0.000
---------------------------------------------------------------------------------
---------------------------------------------------------------------------------
Start Handling Custom Attributes
---------------------------------------------------------------------------------
---------------------------------------------------------------------------------
Finished Handling Custom Attributes : Time (s): cpu = 00:00:04 ; elapsed = 00:00:05 . Memory (MB): peak = 1329.188 ; gain = 0.000
---------------------------------------------------------------------------------
---------------------------------------------------------------------------------
Finished RTL Optimization Phase 1 : Time (s): cpu = 00:00:04 ; elapsed = 00:00:05 . Memory (MB): peak = 1329.188 ; gain = 0.000
---------------------------------------------------------------------------------
Netlist sorting complete. Time (s): cpu = 00:00:00 ; elapsed = 00:00:00.133 . Memory (MB): peak = 1329.188 ; gain = 0.000
INFO: [Project 1-570] Preparing netlist for logic optimization

Processing XDC Constraints
Initializing timing engine
Parsing XDC File [c:/Users/rm519/Documents/working_cpu/working_cpu.gen/sources_1/ip/clk_wiz_1_1/clk_wiz_1/clk_wiz_1_in_context.xdc] for cell 'pll'
Finished Parsing XDC File [c:/Users/rm519/Documents/working_cpu/working_cpu.gen/sources_1/ip/clk_wiz_1_1/clk_wiz_1/clk_wiz_1_in_context.xdc] for cell 'pll'
Parsing XDC File [C:/Users/rm519/Documents/working_cpu/working_cpu.srcs/constrs_1/imports/Downloads/master.xdc]
WARNING: [Vivado 12-584] No ports matched 'ledone'. [C:/Users/rm519/Documents/working_cpu/working_cpu.srcs/constrs_1/imports/Downloads/master.xdc:29]
Finished Parsing XDC File [C:/Users/rm519/Documents/working_cpu/working_cpu.srcs/constrs_1/imports/Downloads/master.xdc]
WARNING: [Project 1-498] One or more constraints failed evaluation while reading constraint file [C:/Users/rm519/Documents/working_cpu/working_cpu.srcs/constrs_1/imports/Downloads/master.xdc] and the design contains unresolved black boxes. These constraints will be read post-synthesis (as long as their source constraint file is marked as used_in_implementation) and should be applied correctly then. You should review the constraints listed in the file [.Xil/Wrapper_propImpl.xdc] and check the run log file to verify that these constraints were correctly applied.
INFO: [Project 1-236] Implementation specific constraints were found while reading constraint file [C:/Users/rm519/Documents/working_cpu/working_cpu.srcs/constrs_1/imports/Downloads/master.xdc]. These constraints will be ignored for synthesis but will be used in implementation. Impacted constraints are listed in the file [.Xil/Wrapper_propImpl.xdc].
Resolution: To avoid this warning, move constraints listed in [.Xil/Wrapper_propImpl.xdc] to another XDC file and exclude this new file from synthesis with the used_in_synthesis property (File Properties dialog in GUI) and re-run elaboration/synthesis.
Completed Processing XDC Constraints

Netlist sorting complete. Time (s): cpu = 00:00:00 ; elapsed = 00:00:00.004 . Memory (MB): peak = 1416.980 ; gain = 0.000
INFO: [Project 1-111] Unisim Transformation Summary:
No Unisim elements were transformed.

Constraint Validation Runtime : Time (s): cpu = 00:00:00 ; elapsed = 00:00:00.032 . Memory (MB): peak = 1416.980 ; gain = 0.000
---------------------------------------------------------------------------------
Finished Constraint Validation : Time (s): cpu = 00:00:10 ; elapsed = 00:00:11 . Memory (MB): peak = 1416.980 ; gain = 87.793
---------------------------------------------------------------------------------
---------------------------------------------------------------------------------
Start Loading Part and Timing Information
---------------------------------------------------------------------------------
Loading part: xc7a100tcsg324-1
---------------------------------------------------------------------------------
Finished Loading Part and Timing Information : Time (s): cpu = 00:00:10 ; elapsed = 00:00:11 . Memory (MB): peak = 1416.980 ; gain = 87.793
---------------------------------------------------------------------------------
---------------------------------------------------------------------------------
Start Applying 'set_property' XDC Constraints
---------------------------------------------------------------------------------
Applied set_property IO_BUFFER_TYPE = NONE for clk. (constraint file  c:/Users/rm519/Documents/working_cpu/working_cpu.gen/sources_1/ip/clk_wiz_1_1/clk_wiz_1/clk_wiz_1_in_context.xdc, line 3).
Applied set_property CLOCK_BUFFER_TYPE = NONE for clk. (constraint file  c:/Users/rm519/Documents/working_cpu/working_cpu.gen/sources_1/ip/clk_wiz_1_1/clk_wiz_1/clk_wiz_1_in_context.xdc, line 4).
Applied set_property KEEP_HIERARCHY = SOFT for pll. (constraint file  auto generated constraint).
---------------------------------------------------------------------------------
Finished applying 'set_property' XDC Constraints : Time (s): cpu = 00:00:10 ; elapsed = 00:00:11 . Memory (MB): peak = 1416.980 ; gain = 87.793
---------------------------------------------------------------------------------
INFO: [Synth 8-802] inferred FSM for state register 'state_reg' in module 'button_send'
INFO: [Synth 8-802] inferred FSM for state register 'state_reg' in module 'uart_transmit'
INFO: [Synth 8-802] inferred FSM for state register 'state_reg' in module 'gcode_sender'
---------------------------------------------------------------------------------------------------
                   State |                     New Encoding |                Previous Encoding 
---------------------------------------------------------------------------------------------------
                    IDLE |                               00 |                               00
                   START |                               01 |                               01
                    SEND |                               10 |                               10
                   ENDIT |                               11 |                               11
---------------------------------------------------------------------------------------------------
INFO: [Synth 8-3354] encoded FSM with state register 'state_reg' using encoding 'sequential' in module 'button_send'
---------------------------------------------------------------------------------------------------
                   State |                     New Encoding |                Previous Encoding 
---------------------------------------------------------------------------------------------------
                    IDLE |                               00 |                               00
                   START |                               01 |                               01
                    DATA |                               10 |                               10
                    STOP |                               11 |                               11
---------------------------------------------------------------------------------------------------
INFO: [Synth 8-3354] encoded FSM with state register 'state_reg' using encoding 'sequential' in module 'uart_transmit'
---------------------------------------------------------------------------------------------------
                   State |                     New Encoding |                Previous Encoding 
---------------------------------------------------------------------------------------------------
                   START |                           100000 |                              000
                    IDLE |                           000010 |                              001
                  SENDG1 |                           010000 |                              010
                  SENDG2 |                           001000 |                              011
                  SENDG3 |                           000100 |                              100
                  SENDG4 |                           000001 |                              101
---------------------------------------------------------------------------------------------------
INFO: [Synth 8-3354] encoded FSM with state register 'state_reg' using encoding 'one-hot' in module 'gcode_sender'
---------------------------------------------------------------------------------
Finished RTL Optimization Phase 2 : Time (s): cpu = 00:00:12 ; elapsed = 00:00:12 . Memory (MB): peak = 1416.980 ; gain = 87.793
---------------------------------------------------------------------------------
INFO: [Synth 8-223] decloning instance 'CPU/dx_setx_val_reg[31]' (dffe_ref) to 'CPU/dx_setx_val_reg[30]'
INFO: [Synth 8-223] decloning instance 'CPU/dx_setx_val_reg[31]' (dffe_ref) to 'CPU/dx_setx_val_reg[29]'
INFO: [Synth 8-223] decloning instance 'CPU/dx_setx_val_reg[31]' (dffe_ref) to 'CPU/dx_setx_val_reg[28]'
INFO: [Synth 8-223] decloning instance 'CPU/dx_setx_val_reg[31]' (dffe_ref) to 'CPU/dx_setx_val_reg[27]'
INFO: [Synth 8-223] decloning instance 'CPU/dx_setx_val_reg[31]' (dffe_ref) to 'CPU/dx_rstatus_code_reg[31]'
INFO: [Synth 8-223] decloning instance 'CPU/dx_setx_val_reg[31]' (dffe_ref) to 'CPU/dx_rstatus_code_reg[30]'
INFO: [Synth 8-223] decloning instance 'CPU/dx_setx_val_reg[31]' (dffe_ref) to 'CPU/dx_rstatus_code_reg[29]'
INFO: [Synth 8-223] decloning instance 'CPU/dx_setx_val_reg[31]' (dffe_ref) to 'CPU/dx_rstatus_code_reg[28]'
INFO: [Synth 8-223] decloning instance 'CPU/dx_setx_val_reg[31]' (dffe_ref) to 'CPU/dx_rstatus_code_reg[27]'
INFO: [Synth 8-223] decloning instance 'CPU/dx_setx_val_reg[31]' (dffe_ref) to 'CPU/dx_rstatus_code_reg[26]'
INFO: [Synth 8-223] decloning instance 'CPU/dx_setx_val_reg[31]' (dffe_ref) to 'CPU/dx_rstatus_code_reg[25]'
INFO: [Synth 8-223] decloning instance 'CPU/dx_setx_val_reg[31]' (dffe_ref) to 'CPU/dx_rstatus_code_reg[24]'
INFO: [Synth 8-223] decloning instance 'CPU/dx_setx_val_reg[31]' (dffe_ref) to 'CPU/dx_rstatus_code_reg[23]'
INFO: [Synth 8-223] decloning instance 'CPU/dx_setx_val_reg[31]' (dffe_ref) to 'CPU/dx_rstatus_code_reg[22]'
INFO: [Synth 8-223] decloning instance 'CPU/dx_setx_val_reg[31]' (dffe_ref) to 'CPU/dx_rstatus_code_reg[21]'
INFO: [Synth 8-223] decloning instance 'CPU/dx_setx_val_reg[31]' (dffe_ref) to 'CPU/dx_rstatus_code_reg[20]'
INFO: [Synth 8-223] decloning instance 'CPU/dx_setx_val_reg[31]' (dffe_ref) to 'CPU/dx_rstatus_code_reg[19]'
INFO: [Synth 8-223] decloning instance 'CPU/dx_setx_val_reg[31]' (dffe_ref) to 'CPU/dx_rstatus_code_reg[18]'
INFO: [Synth 8-223] decloning instance 'CPU/dx_setx_val_reg[31]' (dffe_ref) to 'CPU/dx_rstatus_code_reg[17]'
INFO: [Synth 8-223] decloning instance 'CPU/dx_setx_val_reg[31]' (dffe_ref) to 'CPU/dx_rstatus_code_reg[16]'
INFO: [Synth 8-223] decloning instance 'CPU/dx_setx_val_reg[31]' (dffe_ref) to 'CPU/dx_rstatus_code_reg[15]'
INFO: [Synth 8-223] decloning instance 'CPU/dx_setx_val_reg[31]' (dffe_ref) to 'CPU/dx_rstatus_code_reg[14]'
INFO: [Synth 8-223] decloning instance 'CPU/dx_setx_val_reg[31]' (dffe_ref) to 'CPU/dx_rstatus_code_reg[13]'
INFO: [Synth 8-223] decloning instance 'CPU/dx_setx_val_reg[31]' (dffe_ref) to 'CPU/dx_rstatus_code_reg[12]'
INFO: [Synth 8-223] decloning instance 'CPU/dx_setx_val_reg[31]' (dffe_ref) to 'CPU/dx_rstatus_code_reg[11]'
INFO: [Synth 8-223] decloning instance 'CPU/dx_setx_val_reg[31]' (dffe_ref) to 'CPU/dx_rstatus_code_reg[10]'
INFO: [Synth 8-223] decloning instance 'CPU/dx_setx_val_reg[31]' (dffe_ref) to 'CPU/dx_rstatus_code_reg[9]'
INFO: [Synth 8-223] decloning instance 'CPU/dx_setx_val_reg[31]' (dffe_ref) to 'CPU/dx_rstatus_code_reg[8]'
INFO: [Synth 8-223] decloning instance 'CPU/dx_setx_val_reg[31]' (dffe_ref) to 'CPU/dx_rstatus_code_reg[7]'
INFO: [Synth 8-223] decloning instance 'CPU/dx_setx_val_reg[31]' (dffe_ref) to 'CPU/dx_rstatus_code_reg[6]'
INFO: [Synth 8-223] decloning instance 'CPU/dx_setx_val_reg[31]' (dffe_ref) to 'CPU/dx_rstatus_code_reg[5]'
INFO: [Synth 8-223] decloning instance 'CPU/dx_setx_val_reg[31]' (dffe_ref) to 'CPU/dx_rstatus_code_reg[4]'
INFO: [Synth 8-223] decloning instance 'CPU/dx_setx_val_reg[31]' (dffe_ref) to 'CPU/dx_rstatus_code_reg[3]'
INFO: [Synth 8-223] decloning instance 'CPU/xm_rstatus_code_reg[31]' (dffe_ref) to 'CPU/xm_rstatus_code_reg[30]'
INFO: [Synth 8-223] decloning instance 'CPU/xm_rstatus_code_reg[31]' (dffe_ref) to 'CPU/xm_rstatus_code_reg[29]'
INFO: [Synth 8-223] decloning instance 'CPU/xm_rstatus_code_reg[31]' (dffe_ref) to 'CPU/xm_rstatus_code_reg[28]'
INFO: [Synth 8-223] decloning instance 'CPU/xm_rstatus_code_reg[31]' (dffe_ref) to 'CPU/xm_rstatus_code_reg[27]'
INFO: [Synth 8-223] decloning instance 'CPU/xm_rstatus_code_reg[31]' (dffe_ref) to 'CPU/xm_rstatus_code_reg[26]'
INFO: [Synth 8-223] decloning instance 'CPU/xm_rstatus_code_reg[31]' (dffe_ref) to 'CPU/xm_rstatus_code_reg[25]'
INFO: [Synth 8-223] decloning instance 'CPU/xm_rstatus_code_reg[31]' (dffe_ref) to 'CPU/xm_rstatus_code_reg[24]'
INFO: [Synth 8-223] decloning instance 'CPU/xm_rstatus_code_reg[31]' (dffe_ref) to 'CPU/xm_rstatus_code_reg[23]'
INFO: [Synth 8-223] decloning instance 'CPU/xm_rstatus_code_reg[31]' (dffe_ref) to 'CPU/xm_rstatus_code_reg[22]'
INFO: [Synth 8-223] decloning instance 'CPU/xm_rstatus_code_reg[31]' (dffe_ref) to 'CPU/xm_rstatus_code_reg[21]'
INFO: [Synth 8-223] decloning instance 'CPU/xm_rstatus_code_reg[31]' (dffe_ref) to 'CPU/xm_rstatus_code_reg[20]'
INFO: [Synth 8-223] decloning instance 'CPU/xm_rstatus_code_reg[31]' (dffe_ref) to 'CPU/xm_rstatus_code_reg[19]'
INFO: [Synth 8-223] decloning instance 'CPU/xm_rstatus_code_reg[31]' (dffe_ref) to 'CPU/xm_rstatus_code_reg[18]'
INFO: [Synth 8-223] decloning instance 'CPU/xm_rstatus_code_reg[31]' (dffe_ref) to 'CPU/xm_rstatus_code_reg[17]'
INFO: [Synth 8-223] decloning instance 'CPU/xm_rstatus_code_reg[31]' (dffe_ref) to 'CPU/xm_rstatus_code_reg[16]'
INFO: [Synth 8-223] decloning instance 'CPU/xm_rstatus_code_reg[31]' (dffe_ref) to 'CPU/xm_rstatus_code_reg[15]'
INFO: [Synth 8-223] decloning instance 'CPU/xm_rstatus_code_reg[31]' (dffe_ref) to 'CPU/xm_rstatus_code_reg[14]'
INFO: [Synth 8-223] decloning instance 'CPU/xm_rstatus_code_reg[31]' (dffe_ref) to 'CPU/xm_rstatus_code_reg[13]'
INFO: [Synth 8-223] decloning instance 'CPU/xm_rstatus_code_reg[31]' (dffe_ref) to 'CPU/xm_rstatus_code_reg[12]'
INFO: [Synth 8-223] decloning instance 'CPU/xm_rstatus_code_reg[31]' (dffe_ref) to 'CPU/xm_rstatus_code_reg[11]'
INFO: [Synth 8-223] decloning instance 'CPU/xm_rstatus_code_reg[31]' (dffe_ref) to 'CPU/xm_rstatus_code_reg[10]'
INFO: [Synth 8-223] decloning instance 'CPU/xm_rstatus_code_reg[31]' (dffe_ref) to 'CPU/xm_rstatus_code_reg[9]'
INFO: [Synth 8-223] decloning instance 'CPU/xm_rstatus_code_reg[31]' (dffe_ref) to 'CPU/xm_rstatus_code_reg[8]'
INFO: [Synth 8-223] decloning instance 'CPU/xm_rstatus_code_reg[31]' (dffe_ref) to 'CPU/xm_rstatus_code_reg[7]'
INFO: [Synth 8-223] decloning instance 'CPU/xm_rstatus_code_reg[31]' (dffe_ref) to 'CPU/xm_rstatus_code_reg[6]'
INFO: [Synth 8-223] decloning instance 'CPU/xm_rstatus_code_reg[31]' (dffe_ref) to 'CPU/xm_rstatus_code_reg[5]'
INFO: [Synth 8-223] decloning instance 'CPU/xm_rstatus_code_reg[31]' (dffe_ref) to 'CPU/xm_rstatus_code_reg[4]'
INFO: [Synth 8-223] decloning instance 'CPU/xm_rstatus_code_reg[31]' (dffe_ref) to 'CPU/xm_rstatus_code_reg[3]'
---------------------------------------------------------------------------------
Start RTL Component Statistics 
---------------------------------------------------------------------------------
Detailed RTL Component Info : 
+---Adders : 
	   2 Input   32 Bit       Adders := 16    
	   2 Input   24 Bit       Adders := 1     
	   2 Input    9 Bit       Adders := 2     
	   2 Input    8 Bit       Adders := 25    
	   2 Input    4 Bit       Adders := 1     
+---XORs : 
	   2 Input     33 Bit         XORs := 2     
	   2 Input     32 Bit         XORs := 4     
	   2 Input      1 Bit         XORs := 1302  
	   3 Input      1 Bit         XORs := 1     
+---Registers : 
	              512 Bit    Registers := 1     
	              176 Bit    Registers := 1     
	              128 Bit    Registers := 1     
	              120 Bit    Registers := 1     
	               32 Bit    Registers := 5     
	               29 Bit    Registers := 1     
	               24 Bit    Registers := 1     
	                9 Bit    Registers := 4     
	                8 Bit    Registers := 20    
	                4 Bit    Registers := 1     
	                2 Bit    Registers := 1     
	                1 Bit    Registers := 1842  
+---RAMs : 
	             128K Bit	(4096 X 32 bit)          RAMs := 1     
+---ROMs : 
	                    ROMs := 1     
+---Muxes : 
	   4 Input  132 Bit        Muxes := 1     
	   2 Input   66 Bit        Muxes := 1     
	   2 Input   63 Bit        Muxes := 1     
	   2 Input   33 Bit        Muxes := 7     
	   2 Input   32 Bit        Muxes := 156   
	   4 Input   30 Bit        Muxes := 1     
	   2 Input   27 Bit        Muxes := 1     
	   2 Input   24 Bit        Muxes := 1     
	   6 Input   24 Bit        Muxes := 1     
	   2 Input    9 Bit        Muxes := 7     
	   4 Input    9 Bit        Muxes := 2     
	   2 Input    8 Bit        Muxes := 14    
	   4 Input    8 Bit        Muxes := 6     
	   6 Input    6 Bit        Muxes := 1     
	   2 Input    5 Bit        Muxes := 15    
	   2 Input    4 Bit        Muxes := 1     
	   4 Input    4 Bit        Muxes := 1     
	   6 Input    3 Bit        Muxes := 1     
	   7 Input    3 Bit        Muxes := 1     
	   2 Input    3 Bit        Muxes := 1     
	   2 Input    2 Bit        Muxes := 5     
	   4 Input    2 Bit        Muxes := 2     
	   2 Input    1 Bit        Muxes := 35    
	   6 Input    1 Bit        Muxes := 1     
	   5 Input    1 Bit        Muxes := 1     
	   4 Input    1 Bit        Muxes := 11    
---------------------------------------------------------------------------------
Finished RTL Component Statistics 
---------------------------------------------------------------------------------
---------------------------------------------------------------------------------
Start Part Resource Summary
---------------------------------------------------------------------------------
Part Resources:
DSPs: 240 (col length:80)
BRAMs: 270 (col length: RAMB18 80 RAMB36 40)
---------------------------------------------------------------------------------
Finished Part Resource Summary
---------------------------------------------------------------------------------
---------------------------------------------------------------------------------
Start Cross Boundary and Area Optimization
---------------------------------------------------------------------------------
---------------------------------------------------------------------------------
Finished Cross Boundary and Area Optimization : Time (s): cpu = 00:02:18 ; elapsed = 00:02:20 . Memory (MB): peak = 1499.848 ; gain = 170.660
---------------------------------------------------------------------------------
---------------------------------------------------------------------------------
Start ROM, RAM, DSP, Shift Register and Retiming Reporting
---------------------------------------------------------------------------------

ROM: Preliminary Mapping Report
+------------+---------------------+---------------+----------------+
|Module Name | RTL Object          | Depth x Width | Implemented As | 
+------------+---------------------+---------------+----------------+
|Wrapper     | InstMem/dataOut_reg | 4096x29       | Block RAM      | 
+------------+---------------------+---------------+----------------+


Block RAM: Preliminary Mapping Report (see note below)
+------------+-------------------------+------------------------+---+---+------------------------+---+---+------------------+--------+--------+
|Module Name | RTL Object              | PORT A (Depth x Width) | W | R | PORT B (Depth x Width) | W | R | Ports driving FF | RAMB18 | RAMB36 | 
+------------+-------------------------+------------------------+---+---+------------------------+---+---+------------------+--------+--------+
|Wrapper     | ProcMem/MemoryArray_reg | 4 K x 32(NO_CHANGE)    | W | R |                        |   |   | Port A           | 0      | 4      | 
+------------+-------------------------+------------------------+---+---+------------------------+---+---+------------------+--------+--------+

Note: The table above is a preliminary report that shows the Block RAMs at the current stage of the synthesis flow. Some Block RAMs may be reimplemented as non Block RAM primitives later in the synthesis flow. Multiple instantiated Block RAMs are reported only once. 
---------------------------------------------------------------------------------
Finished ROM, RAM, DSP, Shift Register and Retiming Reporting
---------------------------------------------------------------------------------
---------------------------------------------------------------------------------
Start Applying XDC Timing Constraints
---------------------------------------------------------------------------------
---------------------------------------------------------------------------------
Finished Applying XDC Timing Constraints : Time (s): cpu = 00:02:23 ; elapsed = 00:02:24 . Memory (MB): peak = 1499.848 ; gain = 170.660
---------------------------------------------------------------------------------
---------------------------------------------------------------------------------
Start Timing Optimization
---------------------------------------------------------------------------------
---------------------------------------------------------------------------------
Finished Timing Optimization : Time (s): cpu = 00:02:24 ; elapsed = 00:02:26 . Memory (MB): peak = 1499.848 ; gain = 170.660
---------------------------------------------------------------------------------
---------------------------------------------------------------------------------
Start ROM, RAM, DSP, Shift Register and Retiming Reporting
---------------------------------------------------------------------------------

Block RAM: Final Mapping Report
+------------+-------------------------+------------------------+---+---+------------------------+---+---+------------------+--------+--------+
|Module Name | RTL Object              | PORT A (Depth x Width) | W | R | PORT B (Depth x Width) | W | R | Ports driving FF | RAMB18 | RAMB36 | 
+------------+-------------------------+------------------------+---+---+------------------------+---+---+------------------+--------+--------+
|Wrapper     | ProcMem/MemoryArray_reg | 4 K x 32(NO_CHANGE)    | W | R |                        |   |   | Port A           | 0      | 4      | 
+------------+-------------------------+------------------------+---+---+------------------------+---+---+------------------+--------+--------+

---------------------------------------------------------------------------------
Finished ROM, RAM, DSP, Shift Register and Retiming Reporting
---------------------------------------------------------------------------------
---------------------------------------------------------------------------------
Start Technology Mapping
---------------------------------------------------------------------------------
INFO: [Synth 8-7052] The timing for the instance ProcMem/MemoryArray_reg_0 (implemented as a Block RAM) might be sub-optimal as no optional output register could be merged into the ram block. Providing additional output register may help in improving timing.
INFO: [Synth 8-7052] The timing for the instance ProcMem/MemoryArray_reg_1 (implemented as a Block RAM) might be sub-optimal as no optional output register could be merged into the ram block. Providing additional output register may help in improving timing.
INFO: [Synth 8-7052] The timing for the instance ProcMem/MemoryArray_reg_2 (implemented as a Block RAM) might be sub-optimal as no optional output register could be merged into the ram block. Providing additional output register may help in improving timing.
INFO: [Synth 8-7052] The timing for the instance ProcMem/MemoryArray_reg_3 (implemented as a Block RAM) might be sub-optimal as no optional output register could be merged into the ram block. Providing additional output register may help in improving timing.
INFO: [Synth 8-7052] The timing for the instance InstMem/dataOut_reg_0 (implemented as a Block RAM) might be sub-optimal as no optional output register could be merged into the ram block. Providing additional output register may help in improving timing.
INFO: [Synth 8-7052] The timing for the instance InstMem/dataOut_reg_1 (implemented as a Block RAM) might be sub-optimal as no optional output register could be merged into the ram block. Providing additional output register may help in improving timing.
INFO: [Synth 8-7052] The timing for the instance InstMem/dataOut_reg_2 (implemented as a Block RAM) might be sub-optimal as no optional output register could be merged into the ram block. Providing additional output register may help in improving timing.
INFO: [Synth 8-7052] The timing for the instance InstMem/dataOut_reg_3 (implemented as a Block RAM) might be sub-optimal as no optional output register could be merged into the ram block. Providing additional output register may help in improving timing.
---------------------------------------------------------------------------------
Finished Technology Mapping : Time (s): cpu = 00:02:28 ; elapsed = 00:02:30 . Memory (MB): peak = 1563.953 ; gain = 234.766
---------------------------------------------------------------------------------
---------------------------------------------------------------------------------
Start IO Insertion
---------------------------------------------------------------------------------
---------------------------------------------------------------------------------
Start Flattening Before IO Insertion
---------------------------------------------------------------------------------
---------------------------------------------------------------------------------
Finished Flattening Before IO Insertion
---------------------------------------------------------------------------------
---------------------------------------------------------------------------------
Start Final Netlist Cleanup
---------------------------------------------------------------------------------
---------------------------------------------------------------------------------
Finished Final Netlist Cleanup
---------------------------------------------------------------------------------
---------------------------------------------------------------------------------
Finished IO Insertion : Time (s): cpu = 00:02:31 ; elapsed = 00:02:33 . Memory (MB): peak = 1577.832 ; gain = 248.645
---------------------------------------------------------------------------------
---------------------------------------------------------------------------------
Start Renaming Generated Instances
---------------------------------------------------------------------------------
---------------------------------------------------------------------------------
Finished Renaming Generated Instances : Time (s): cpu = 00:02:31 ; elapsed = 00:02:33 . Memory (MB): peak = 1577.832 ; gain = 248.645
---------------------------------------------------------------------------------
---------------------------------------------------------------------------------
Start Rebuilding User Hierarchy
---------------------------------------------------------------------------------
---------------------------------------------------------------------------------
Finished Rebuilding User Hierarchy : Time (s): cpu = 00:02:32 ; elapsed = 00:02:34 . Memory (MB): peak = 1577.832 ; gain = 248.645
---------------------------------------------------------------------------------
---------------------------------------------------------------------------------
Start Renaming Generated Ports
---------------------------------------------------------------------------------
---------------------------------------------------------------------------------
Finished Renaming Generated Ports : Time (s): cpu = 00:02:32 ; elapsed = 00:02:34 . Memory (MB): peak = 1577.832 ; gain = 248.645
---------------------------------------------------------------------------------
---------------------------------------------------------------------------------
Start Handling Custom Attributes
---------------------------------------------------------------------------------
---------------------------------------------------------------------------------
Finished Handling Custom Attributes : Time (s): cpu = 00:02:32 ; elapsed = 00:02:34 . Memory (MB): peak = 1578.195 ; gain = 249.008
---------------------------------------------------------------------------------
---------------------------------------------------------------------------------
Start Renaming Generated Nets
---------------------------------------------------------------------------------
---------------------------------------------------------------------------------
Finished Renaming Generated Nets : Time (s): cpu = 00:02:32 ; elapsed = 00:02:34 . Memory (MB): peak = 1578.195 ; gain = 249.008
---------------------------------------------------------------------------------
---------------------------------------------------------------------------------
Start Writing Synthesis Report
---------------------------------------------------------------------------------

Report BlackBoxes: 
+------+--------------+----------+
|      |BlackBox name |Instances |
+------+--------------+----------+
|1     |clk_wiz_1     |         1|
+------+--------------+----------+

Report Cell Usage: 
+------+---------+------+
|      |Cell     |Count |
+------+---------+------+
|1     |clk_wiz  |     1|
|2     |BUFG     |     1|
|3     |CARRY4   |  1146|
|4     |LUT1     |   155|
|5     |LUT2     |  1201|
|6     |LUT3     |  2185|
|7     |LUT4     |  1499|
|8     |LUT5     |  1733|
|9     |LUT6     |  4032|
|10    |MUXF7    |    17|
|11    |MUXF8    |     6|
|12    |RAMB36E1 |     8|
|18    |FDCE     |  1044|
|19    |FDRE     |  1004|
|20    |FDSE     |     7|
|21    |IBUF     |     6|
|22    |OBUF     |     1|
+------+---------+------+
---------------------------------------------------------------------------------
Finished Writing Synthesis Report : Time (s): cpu = 00:02:33 ; elapsed = 00:02:34 . Memory (MB): peak = 1578.195 ; gain = 249.008
---------------------------------------------------------------------------------
Synthesis finished with 0 errors, 0 critical warnings and 0 warnings.
Synthesis Optimization Runtime : Time (s): cpu = 00:02:26 ; elapsed = 00:02:32 . Memory (MB): peak = 1578.195 ; gain = 161.215
Synthesis Optimization Complete : Time (s): cpu = 00:02:33 ; elapsed = 00:02:34 . Memory (MB): peak = 1578.195 ; gain = 249.008
INFO: [Project 1-571] Translating synthesized netlist
Netlist sorting complete. Time (s): cpu = 00:00:00 ; elapsed = 00:00:00.124 . Memory (MB): peak = 1584.520 ; gain = 0.000
INFO: [Netlist 29-17] Analyzing 1177 Unisim elements for replacement
INFO: [Netlist 29-28] Unisim Transformation completed in 1 CPU seconds
INFO: [Project 1-570] Preparing netlist for logic optimization
INFO: [Opt 31-138] Pushed 0 inverter(s) to 0 load pin(s).
Netlist sorting complete. Time (s): cpu = 00:00:00 ; elapsed = 00:00:00.004 . Memory (MB): peak = 1588.281 ; gain = 0.000
INFO: [Project 1-111] Unisim Transformation Summary:
No Unisim elements were transformed.

Synth Design complete, checksum: 58d1579b
INFO: [Common 17-83] Releasing license: Synthesis
163 Infos, 63 Warnings, 1 Critical Warnings and 0 Errors encountered.
synth_design completed successfully
synth_design: Time (s): cpu = 00:02:37 ; elapsed = 00:02:40 . Memory (MB): peak = 1588.281 ; gain = 259.094
INFO: [runtcl-6] Synthesis results are not added to the cache due to CRITICAL_WARNING
INFO: [Common 17-1381] The checkpoint 'C:/Users/rm519/Documents/working_cpu/working_cpu.runs/synth_1/Wrapper.dcp' has been generated.
INFO: [runtcl-4] Executing : report_utilization -file Wrapper_utilization_synth.rpt -pb Wrapper_utilization_synth.pb
INFO: [Common 17-206] Exiting Vivado at Tue Dec  9 16:39:34 2025...
